2017-05-10 16:28:49,800 - Dcap_db - ERROR - use methodpymssql#####################
2017-05-10 16:28:49,903 - Dcap_db - ERROR - use methododbc2000#####################
2017-05-10 16:28:50,055 - Dcap_db - ERROR - use methododbc2005#####################
2017-05-10 16:28:50,203 - Dcap_db - ERROR - use methododbc2008#####################
2017-05-10 16:28:50,338 - Dcap_db - ERROR - use methododbc2012#####################
2017-05-10 16:28:50,515 - Dcap_db - ERROR - use methododbc2014#####################
2017-05-10 16:29:50,329 - Dcap_db - ERROR - use methodpymssql#####################
2017-05-10 16:29:50,439 - Dcap_db - ERROR - use methododbc2000#####################
2017-05-10 16:29:50,571 - Dcap_db - ERROR - use methododbc2005#####################
2017-05-10 16:29:50,699 - Dcap_db - ERROR - use methododbc2008#####################
2017-05-10 16:29:50,833 - Dcap_db - ERROR - use methododbc2012#####################
2017-05-10 16:29:50,946 - Dcap_db - ERROR - use methododbc2014#####################
2017-05-10 16:30:33,163 - Dcap_db - INFO - use methodpymssql#####################
2017-05-10 16:30:33,311 - Dcap_db - INFO - use methododbc2000#####################
2017-05-10 16:30:33,442 - Dcap_db - INFO - use methododbc2005#####################
2017-05-10 16:30:33,755 - Dcap_db - INFO - use methododbc2008#####################
2017-05-10 16:30:34,176 - Dcap_db - INFO - use methododbc2012#####################
2017-05-10 16:30:34,490 - Dcap_db - INFO - use methododbc2014#####################
2017-05-10 16:57:32,461 - Dcap_db - INFO - use methodpymssql#####################
2017-05-10 16:57:32,578 - Dcap_db - INFO - use methododbc2000#####################
2017-05-10 16:57:32,759 - Dcap_db - INFO - use methododbc2005#####################
2017-05-10 16:57:32,903 - Dcap_db - INFO - use methododbc2008#####################
2017-05-10 16:57:33,239 - Dcap_db - INFO - use methododbc2012#####################
2017-05-10 16:57:33,429 - Dcap_db - INFO - use methododbc2014#####################
2017-05-12 09:13:24,919 - Dcap_db - INFO - use methodpymssql#####################
2017-05-12 09:13:25,318 - Dcap_db - INFO - use methododbc2000#####################
2017-05-12 09:13:25,582 - Dcap_db - INFO - use methododbc2005#####################
2017-05-12 09:13:26,187 - Dcap_db - INFO - use methododbc2008#####################
2017-05-12 09:13:26,500 - Dcap_db - INFO - use methododbc2012#####################
2017-05-12 09:13:26,754 - Dcap_db - INFO - use methododbc2014#####################
2017-05-12 11:23:44,184 - Dcap_db - INFO - use method pymssql #####################
2017-05-12 11:23:44,273 - Dcap_db - INFO - use method odbc2000 #####################
2017-05-12 11:23:44,424 - Dcap_db - INFO - use method odbc2005 #####################
2017-05-12 11:23:44,567 - Dcap_db - INFO - use method odbc2008 #####################
2017-05-12 11:23:44,708 - Dcap_db - INFO - use method odbc2012 #####################
2017-05-12 11:23:44,818 - Dcap_db - INFO - use method odbc2014 #####################
2017-05-12 11:32:48,438 - Dcap_db - INFO - use method odbc2000 #####################
2017-05-12 11:32:48,615 - Dcap_db - INFO - use method odbc2005 #####################
2017-05-12 11:32:48,793 - Dcap_db - INFO - use method odbc2008 #####################
2017-05-12 11:32:48,935 - Dcap_db - INFO - use method odbc2012 #####################
2017-05-12 11:32:49,075 - Dcap_db - INFO - use method odbc2014 #####################
2017-05-12 15:28:54,844 - Dcap_db - INFO - use method odbc2000 #####################
2017-05-12 15:28:55,077 - Dcap_db - INFO - use method odbc2005 #####################
2017-05-12 15:28:55,167 - Dcap_db - INFO - use method odbc2008 #####################
2017-05-12 15:28:55,344 - Dcap_db - INFO - use method odbc2012 #####################
2017-05-12 15:28:55,541 - Dcap_db - INFO - use method odbc2014 #####################
2017-05-13 10:21:02,295 - Dcap_db - INFO - use method cx_oracle #####################
2017-05-13 10:22:09,660 - Dcap_db - INFO - use method cx_oracle #####################
2017-05-13 10:22:42,526 - Dcap_db - INFO - use method cx_oracle #####################
2017-05-13 10:23:01,521 - Dcap_db - INFO - use method cx_oracle #####################
2017-05-13 10:23:15,962 - Dcap_db - INFO - use method cx_oracle #####################
2017-05-13 10:23:28,201 - Dcap_db - INFO - use method cx_oracle #####################
2017-05-13 10:25:17,447 - Dcap_db - INFO - use method cx_oracle #####################
2017-05-13 10:25:40,819 - Dcap_db - INFO - use method cx_oracle #####################
2017-05-13 10:26:01,576 - Dcap_db - INFO - use method cx_oracle #####################
2017-05-13 10:26:53,854 - Dcap_db - INFO - use method cx_oracle #####################
2017-05-14 20:11:50,994 - Dcap_db - INFO - use method cx_oracle #####################
2017-05-14 20:14:46,513 - Dcap_db - INFO - use method ojdbc14 #####################
2017-05-14 20:21:15,386 - Dcap_db - INFO - use method ojdbc14 #####################
2017-05-14 20:31:06,916 - Dcap_db - INFO - use method ojdbc14 #####################
2017-05-14 20:31:16,396 - Dcap_db - INFO - use method ojdbc14 #####################
2017-05-14 20:36:13,527 - Dcap_db - INFO - use method ojdbc14 #####################
2017-05-14 20:36:14,113 - Dcap_db - INFO - use method classes12 #####################
2017-05-14 20:36:48,537 - Dcap_db - INFO - use method ojdbc14 #####################
2017-05-14 20:36:49,129 - Dcap_db - INFO - use method classes12 #####################
2017-05-14 20:37:12,432 - Dcap_db - INFO - use method ojdbc14 #####################
2017-05-14 20:37:13,156 - Dcap_db - INFO - use method classes12 #####################
2017-05-14 20:38:20,230 - Dcap_db - INFO - use method ojdbc14 #####################
2017-05-14 20:38:20,840 - Dcap_db - INFO - use method classes12 #####################
2017-05-14 20:38:53,998 - Dcap_db - INFO - use method classes12 #####################
2017-05-14 20:40:15,197 - Dcap_db - INFO - use method classes12 #####################
2017-05-14 20:40:37,818 - Dcap_db - INFO - use method classes12 #####################
2017-05-14 20:41:13,591 - Dcap_db - INFO - use method classes12 #####################
2017-05-14 20:41:26,779 - Dcap_db - INFO - use method classes12 #####################
2017-05-14 21:14:14,058 - Dcap_db - INFO - use method ojdbc14 #####################
2017-05-14 21:15:28,113 - Dcap_db - INFO - use method ojdbc14 #####################
2017-05-14 21:17:42,715 - Dcap_db - INFO - use method ojdbc14 #####################
2017-05-14 21:19:07,290 - Dcap_db - INFO - use method ojdbc14 #####################
2017-05-14 21:19:08,011 - Dcap_db - INFO - use method classes12 #####################
2017-05-14 21:23:53,307 - Dcap_db - INFO - use method cx_oracle #####################
2017-05-14 21:24:53,217 - Dcap_db - INFO - use method cx_oracle #####################
2017-05-14 21:28:12,670 - Dcap_db - INFO - use method ojdbc14 #####################
2017-05-14 21:28:23,631 - Dcap_db - INFO - use method ojdbc14 #####################
2017-05-14 21:29:09,723 - Dcap_db - INFO - use method ojdbc14 #####################
2017-05-14 21:30:30,999 - Dcap_db - INFO - use method ojdbc14 #####################
2017-05-14 21:30:47,566 - Dcap_db - INFO - use method ojdbc14 #####################
2017-05-14 21:30:48,277 - Dcap_db - INFO - use method classes12 #####################
2017-05-14 21:31:07,173 - Dcap_db - INFO - use method ojdbc14 #####################
2017-05-14 21:31:07,909 - Dcap_db - INFO - use method classes12 #####################
2017-05-15 09:58:52,536 - Dcap_db - INFO - use method ojdbc14 #####################
2017-05-15 09:58:53,265 - Dcap_db - INFO - use method classes12 #####################
2017-05-15 09:58:53,968 - Dcap_db - INFO - use method ojdbc5 #####################
2017-05-15 09:58:54,929 - Dcap_db - INFO - use method ojdbc6 #####################
2017-05-15 09:58:55,886 - Dcap_db - INFO - use method ojdbc7 #####################
2017-05-15 09:58:57,104 - Dcap_db - INFO - use method ojdbc8 #####################
